<?xml version="1.0" encoding="UTF-8"?>
<Site BuildName="(empty)"
	BuildStamp="20250113-0938-Experimental"
	Name="vlad-System-Product-Name"
	Generator="ctest-3.16.3"
	CompilerName="/usr/bin/clang++-10"
	CompilerVersion="10.0.0"
	OSName="Linux"
	Hostname="vlad-System-Product-Name"
	OSRelease="5.15.0-127-generic"
	OSVersion="#137~20.04.1-Ubuntu SMP Fri Nov 15 14:46:54 UTC 2024"
	OSPlatform="x86_64"
	Is64Bits="1"
	VendorString="GenuineIntel"
	VendorID="Intel Corporation"
	FamilyID="6"
	ModelID="158"
	ProcessorCacheSize="6144"
	NumberOfLogicalCPU="4"
	NumberOfPhysicalCPU="4"
	TotalVirtualMemory="2047"
	TotalPhysicalMemory="32031"
	LogicalProcessorsPerPhysical="1"
	ProcessorClockFrequency="3600"
	>
	<Testing>
		<StartDateTime>Jan 13 12:38 MSK</StartDateTime>
		<StartTestTime>1736761128</StartTestTime>
		<TestList/>
		<EndDateTime>Jan 13 12:38 MSK</EndDateTime>
		<EndTestTime>1736761128</EndTestTime>
		<ElapsedMinutes>0</ElapsedMinutes>
	</Testing>
</Site>
